bfType B M
bfSize 714
data offset 146
biSize 124
width 60
Already read 22 Bytes. So skipping 124
XXXXXXXXXXXXXXXX  X XXXXXXXXXXXXXXXXXXXXXX X XXXXXXXXXXXXXXX    
XXXXXXXXXXXXXXX XX X XXXXXXXXXXXXXXXXXXXX  XX X XXXXXXXXXXXX    
XXXXXXXXXX XX X X X X XXXXXXXXXXXXXXXXXX XXX X X XXXXXXXXXXX    
XXXXXX X X X XXXXXXXXXX X X X  XXXX X  X XX XXXXX XXXXXXXXXX    
XX  X XX XXXXXX XXXX X                 X XX XX XXX XXXXXXXXX    
XXXXXX XXXXXX XXXX XXXX                 X XXXXXX XX XXXXXXXX    
XX XXXXXXX XXXXXXXXXXX                 XXXXXXXXXXXXXXX XXXXX    
XXXXX XX XXX XX XX XX X XXXXXXXX         XX XXX XXXX XX XXXX    
XX XXXXXXXXXXXXXXXXXXXXXXXXXXXXXXXX    XXXXXXX XXX XXXXXXXXX    
XXXXX XXXX XXXXXX XXX XXXXXXXXXXXXXXX    X XXXXXXXXXXXXXX XX    
 X XXXXX XXXXX XXXXXXXXXXXXXXXXXXXXXXX  XXXXXX XXX XXX XXXXX    
 XXXXXXXXXXX XXX XXX XXXXXXXXXXXXXXXXXX  XXX XXXXXXXXXXX XXX    
XXXXX XX XXXXXXXXXXX  XXXXXXXXXXXXXXXXX XXXXXXXXX XX XXXXXXX    
 X XXXXXXXX XXX XXX    XXXXXXXXXXXXXXXXX X X XX XXXXXX XXXXX    
XXXXXXX XXXXXXXXXX    XXXXXXXXXXXXXXXXXX XXXXXXXXXXXXXXXXXXX    
 XXXX XXXX XXX XXX   XXXXXXXXXXXXXXXXXXX XXXXX X X XX XXXXXX    
XXX XXXXXXXXXXXXX   XXXXXXXXXXXXXXXXXXX XXXX X XXXXXXXXXXXXX    
XXXXX XX XXXX XXX  XXXXXXXXXXXXXXXXXXXXXXX XX     XX XXXXXXX    
XXXXXXXXXXX XXXX  XXXXXXXXXXXXXXXXXXXXXXX XX       XXXXXXXXX    
XXXXXXX XXXXXXX  XXXXXXXXXXXXXXXXXXXXXXXXXXXX      X XXXXXXX    
XXXXXXXXXX XXX XXXXXXXXXXXXXXXXXXXXXXXXXX XX        XXXXXXXX    
XXXXXXXXXXXXX XXXXXXXXXX XXXXXXXXXXXXXXXXXXX       X XXXXXXX    
XXXXXXXXX XXX XXXXXXXXXXXXXXXXXXXXXXXXXXXXXX X    X   XXXXXX    
XXXXXXXXX X   XXXXXXXXXX XXXXXXXXXXXXXXXXXXX          XXXXXX    
XXXXXXXX     XXXXXXXXXXXXXXXXXXXXXXXXXXXXXXX          XXXXXX    
XXXXXXXXX     XXXXXXXXXX XXXXXXXXXXXXXXXXXXX   X      XXXXXX    
XXXXXXXXX   X XXXXXXXXXXXXXXXXXXXXXXXXXXXXXX          XXXXXX    
XXXXXXXXXX    XXXXXXXXXX XXXXXXXXXXXXXXXXXXX          XXXXXX    
XXXXXXXXXX    XXXXXXXXXXXXXXXXXXXXXXXXXXXXXX          XXXXXX    
XXXXXXXXXXX    XXXXXXXXXXXXXXXXXXXXXXXXXXXXX         XXXXXXX    
XXXXXXXXXXX   XXXXXXXXXXXXXXXXXXXXXXXXXXXXXX         XXXXXXX    
XXXXXXXXXXX     XXXXXXXXXXXXXXXXXXXXXXXXXXX          XXXXXXX    
XXXXXXXXXXXX   XXXXXXXXXXXXXXXXXXXXXXXXXXXX X  X     XXXXXXX    
XXXXXXXXXXXX    XXXXXXXXXXXXXXXXXXXXXXXXXXX         XXXXXXXX    
XXXXXXXXXXXXX   XXXXXXXXXXXXXXXXXXXXXXXXXXX        XXXXXXXXX    
XXXXXXXXXXXXX    XXXXXXXXXXXXXXXXXXXXXXXXX         XXXXXXXXX    
XXXXXXXXXXXXX     XXXXXXXXXXXXXXXXXXX XXX          XXXXXXXXX    
XXXXXXXXXXXXXX    X XXXXXXXXXXXXXXXXXX XX         XXXXXXXXXX    
XXXXXXXXXXXXXX     XXXXXXXXXXXXXXXX X XXX        XXXXXXXXXXX    
XXXXXXXXXXXXXXX    XXXXXXXXXXXXXXXXXXXXX         XXXXXXXXXXX    
XXXXXXXXXXXXXXXX   XXXXXXXXXXXXXXXXXXXXX        XXXXXXXXXXXX    
XXXXXXXXXXXXXXXXX  XXXXXXXXXXXXXXXXXXXXX       XXXXXXXXXXXXX    
XXXXXXXXXXXXXXXXX   XXXXXXXXXXXXXXXXXXX       XXXXXXXXXXXXXX    
XXXXXXXXXXXXXXXXXX   XXXXXXXXXXXXXXXXXX       XXXXXXXXXXXXXX    
XXXXXXXXXXXXXXXXXXX  XXXX XXX XXXXXXXX       XXXXXXXXXXXXXXX    
XXXXXXXXXXXXXXXXXXXX  XXXX  XXXXXXXXXX      XXXXXXXXXXXXXXXX    
XXXXXXXXXXXXXXXXXXXX  XX X XX  XXXXXX       XXXXXXXXXXXXXXXX    
XXXXXXXXXXXXXXXXXXXX  X XXXXXXXX XXXX   X  XXXXXXXXXXXXXXXXX    
XXXXXXXXXXXXXXXXXXXX   X  X   XXXX X   X   XXXXXXXXXXXXXXXXX    
XXXXXXXXXXXXXXXXXXXX  X XXXXXX X XXX   X  XXXXXXXXXXXXXXXXXX    
XXXXXXXXXXXXXXXXXXXX X XXX XXXXX XXX      XXXXXXXXXXXXXXXXXX    
XXXXXXXXXXXXXXXXXXXX  XX XXX X XX  X      XXXXXXXXXXXXXXXXXX    
XXXXXXXXXXXXXXXXXXXX  XXXXXXXXXXXXXX      XXXXXXXXXXXXXXXXXX    
XXXXXXXXXXXXXXXXXXXX  X XX XXXXXXXXX      XXXXXXXXXXXXXXXXXX    
XXXXXXXXXXXXXXXXXXXX  X X XXX XX  XX     XXXXXXXXXXXXXXXXXXX    
XXXXXXXXXXXXXXXXXXXX XX  XXX XX   XX     XXXXXXXXXXXXXXXXXXX    
XXXXXXXXXXXXXXXXXXX  X X XX  XX   XX     XXXXXXXXXXXXXXXXXXX    
XXXXXXXXXXXXXXXXXXXX  X  XX  XX   XX     XXXXXXXXXXXXXXXXXXX    
XXXXXXXXXXXXXXXXXXXX XXXXX   XXXXXX      XXXXXXXXXXXXXXXXXXX    
XXXXXXXXXXXXXXXXXXXX  XXXX     XXXXX     XXXXXXXXXXXXXXXXXXX    
XXXXXXXXXXXXXXXXXXXX   X X    XXX X      XXXXXXXXXXXXXXXXXXX    
XXXXXXXXXXXXXXXXXXXX              X      XXXXXXXXXXXXXXXXXXX    
XXXXXXXXXXXXXXXXXXXX                    XXXXXXXXXXXXXXXXXXXX    
XXXXXXXXXXXXXXXXXXXX                    XXXXXXXXXXXXXXXXXXXX    
XXXXXXXXXXXXXXXXXXXX                    XXXXXXXXXXXXXXXXXXXX    
XXXXXXXXXXXXXXXXXXXX              X    XXXXXXXXXXXXXXXXXXXXX    
XXXXXXXXXXXXXXXXXXXXX             X   XXXXXXXXXXXXXXXXXXXXXX    
XXXXXXXXXXXXXXXXXXXXXX            X   XXXXXXXXXXXXXXXXXXXXXX    
XXXXXXXXXXXXXXXXXXXXXXX              XXXXXXXXXXXXXXXXXXXXXXX    
XXXXXXXXXXXXXXXXXXXXXXXX           XXXXXXXXXXXXXXXXXXXXXXXXX    
XXXXXXXXXXXXXXXXXXXXXXXXXXX      XXXXXXXXXXXXXXXXXXXXXXXXXXX    
Traceback (most recent call last):
  File "/nfs/ulrich/Desktop/daten/programmieren/python/workspaces/et-phone-home/hinweis_1/tux.py", line 24, in <module>
    print('X' if stream.read('u1') else ' ', end='')
  File "/home/kevin/.local/lib/python3.10/site-packages/bitstring/bitstream.py", line 331, in read
    value, self._pos = self._readtoken(name, self._pos, length)
  File "/home/kevin/.local/lib/python3.10/site-packages/bitstring/bits.py", line 1202, in _readtoken
    raise ReadError("Reading off the end of the data. "
bitstring.exceptions.ReadError: Reading off the end of the data. Tried to read 1 bits when only 0 available.
